Agent/app/build/outputs/logs/manifest-merger-release-report.txt
-- Merging decision tree log ---
manifest
ADDED from src/main/AndroidManifest.xml:2:1-253:12
	package
		ADDED from src/main/AndroidManifest.xml:4:3-54
		INJECTED from src/main/AndroidManifest.xml
		INJECTED from src/main/AndroidManifest.xml
	android:versionName
		ADDED from src/main/AndroidManifest.xml:6:3-44
		INJECTED from src/main/AndroidManifest.xml
		INJECTED from src/main/AndroidManifest.xml
	xmlns:tools
		ADDED from src/main/AndroidManifest.xml:3:3-49
	android:versionCode
		ADDED from src/main/AndroidManifest.xml:5:3-26
		INJECTED from src/main/AndroidManifest.xml
		INJECTED from src/main/AndroidManifest.xml
	xmlns:android
		ADDED from src/main/AndroidManifest.xml:2:11-69
uses-sdk
ADDED from src/main/AndroidManifest.xml:8:2-10:35
MERGED from [com.squareup:android-times-square:1.6.5] AndroidManifest.xml:7:5-43
MERGED from [com.github.dmytrodanylyk.shadow-layout:library:1.0.3] AndroidManifest.xml:8:5-10:41
MERGED from [com.afollestad.material-dialogs:core:0.9.2.1] AndroidManifest.xml:8:5-11:75
MERGED from [com.android.support:support-v13:25.1.0] AndroidManifest.xml:21:5-23:55
MERGED from [me.zhanghai.android.materialprogressbar:library:1.3.0] AndroidManifest.xml:12:5-14:41
MERGED from [com.orhanobut:dialogplus:1.11] AndroidManifest.xml:6:5-8:41
MERGED from [com.rengwuxian.materialedittext:library:2.1.4] AndroidManifest.xml:6:5-8:41
MERGED from [com.android.support:design:25.1.0] AndroidManifest.xml:21:5-23:62
MERGED from [com.android.support:transition:25.1.0] AndroidManifest.xml:20:5-44
MERGED from [com.prolificinteractive:material-calendarview:1.4.2] AndroidManifest.xml:8:5-10:41
MERGED from [Agent:sKAlertMessage:unspecified] AndroidManifest.xml:7:5-9:41
MERGED from [Agent:sKCalendar:unspecified] AndroidManifest.xml:7:5-9:41
MERGED from [com.rockerhieu:rv-adapter-endless:1.1] AndroidManifest.xml:8:5-10:41
MERGED from [com.rockerhieu:rv-adapter:1.0] AndroidManifest.xml:8:5-10:41
MERGED from [com.android.support:recyclerview-v7:25.1.0] AndroidManifest.xml:20:5-43
MERGED from [com.github.florent37:viewanimator:1.0.5] AndroidManifest.xml:8:5-10:41
MERGED from [uk.co.chrisjenx:calligraphy:2.2.0] AndroidManifest.xml:7:5-9:41
MERGED from [com.android.support.constraint:constraint-layout:1.0.0-beta4] AndroidManifest.xml:5:5-7:41
MERGED from [Agent:sKConnectionDetector:unspecified] AndroidManifest.xml:7:5-9:41
MERGED from [com.android.support:appcompat-v7:25.1.0] AndroidManifest.xml:21:5-23:78
MERGED from [com.android.support:animated-vector-drawable:25.1.0] AndroidManifest.xml:20:5-44
MERGED from [com.android.support:support-vector-drawable:25.1.0] AndroidManifest.xml:21:5-43
MERGED from [com.android.support:cardview-v7:25.1.0] AndroidManifest.xml:20:5-43
MERGED from [com.android.databinding:adapters:1.2.1] AndroidManifest.xml:22:5-24:41
MERGED from [com.android.databinding:library:1.2.1] AndroidManifest.xml:22:5-24:41
MERGED from [com.android.support:support-v4:25.1.0] AndroidManifest.xml:21:5-23:54
MERGED from [com.android.support:support-fragment:25.1.0] AndroidManifest.xml:21:5-23:60
MERGED from [com.android.support:support-media-compat:25.1.0] AndroidManifest.xml:21:5-23:63
MERGED from [com.android.support:support-core-ui:25.1.0] AndroidManifest.xml:21:5-23:58
MERGED from [com.android.support:support-core-utils:25.1.0] AndroidManifest.xml:21:5-23:61
MERGED from [com.android.support:support-compat:25.1.0] AndroidManifest.xml:21:5-23:58
	tools:overrideLibrary
		ADDED from [com.afollestad.material-dialogs:core:0.9.2.1] AndroidManifest.xml:11:9-72
	android:targetSdkVersion
		ADDED from src/main/AndroidManifest.xml:10:4-33
		INJECTED from src/main/AndroidManifest.xml
		INJECTED from src/main/AndroidManifest.xml
	android:minSdkVersion
		ADDED from src/main/AndroidManifest.xml:9:4-30
		INJECTED from src/main/AndroidManifest.xml
		INJECTED from src/main/AndroidManifest.xml
uses-permission#android.permission.RECEIVE_BOOT_COMPLETED
ADDED from src/main/AndroidManifest.xml:12:2-77
	android:name
		ADDED from src/main/AndroidManifest.xml:12:19-75
uses-permission#android.permission.VIBRATE
ADDED from src/main/AndroidManifest.xml:13:2-62
	android:name
		ADDED from src/main/AndroidManifest.xml:13:19-60
uses-permission#android.permission.READ_PHONE_STATE
ADDED from src/main/AndroidManifest.xml:14:2-71
	android:name
		ADDED from src/main/AndroidManifest.xml:14:19-69
uses-permission#android.permission.WRITE_EXTERNAL_STORAGE
ADDED from src/main/AndroidManifest.xml:15:2-77
	android:name
		ADDED from src/main/AndroidManifest.xml:15:19-75
uses-permission#android.permission.READ_EXTERNAL_STORAGE
ADDED from src/main/AndroidManifest.xml:16:2-76
	android:name
		ADDED from src/main/AndroidManifest.xml:16:19-74
uses-permission#android.permission.ACCESS_NETWORK_STATE
ADDED from src/main/AndroidManifest.xml:17:2-75
MERGED from [Agent:sKConnectionDetector:unspecified] AndroidManifest.xml:11:5-79
	android:name
		ADDED from src/main/AndroidManifest.xml:17:19-73
uses-permission#android.permission.INTERNET
ADDED from src/main/AndroidManifest.xml:18:2-63
	android:name
		ADDED from src/main/AndroidManifest.xml:18:19-61
uses-permission#android.permission.BLUETOOTH
ADDED from src/main/AndroidManifest.xml:19:2-64
	android:name
		ADDED from src/main/AndroidManifest.xml:19:19-62
uses-permission#android.permission.BLUETOOTH_ADMIN
ADDED from src/main/AndroidManifest.xml:20:2-70
	android:name
		ADDED from src/main/AndroidManifest.xml:20:19-68
uses-permission#android.permission.MOUNT_UNMOUNT_FILESYSTEMS
ADDED from src/main/AndroidManifest.xml:21:2-80
	android:name
		ADDED from src/main/AndroidManifest.xml:21:19-78
uses-permission#android.permission.ACCESS_WIFI_STATE
ADDED from src/main/AndroidManifest.xml:22:2-72
	android:name
		ADDED from src/main/AndroidManifest.xml:22:19-70
uses-permission#android.permission.CHANGE_WIFI_STATE
ADDED from src/main/AndroidManifest.xml:23:2-72
	android:name
		ADDED from src/main/AndroidManifest.xml:23:19-70
uses-permission#android.permission.CLEAR_APP_CACHE
ADDED from src/main/AndroidManifest.xml:24:2-70
	android:name
		ADDED from src/main/AndroidManifest.xml:24:19-68
application
ADDED from src/main/AndroidManifest.xml:27:2-251:16
REJECTED from [com.github.dmytrodanylyk.shadow-layout:library:1.0.3] AndroidManifest.xml:12:5-20
REJECTED from [com.afollestad.material-dialogs:core:0.9.2.1] AndroidManifest.xml:13:5-20
REJECTED from [com.android.support:support-v13:25.1.0] AndroidManifest.xml:25:5-20
REJECTED from [com.android.support:design:25.1.0] AndroidManifest.xml:25:5-20
REJECTED from [com.android.support:transition:25.1.0] AndroidManifest.xml:22:5-20
REJECTED from [com.prolificinteractive:material-calendarview:1.4.2] AndroidManifest.xml:12:5-20
REJECTED from [Agent:sKAlertMessage:unspecified] AndroidManifest.xml:11:5-23:19
REJECTED from [com.rockerhieu:rv-adapter-endless:1.1] AndroidManifest.xml:12:5-20
REJECTED from [com.rockerhieu:rv-adapter:1.0] AndroidManifest.xml:12:5-20
REJECTED from [uk.co.chrisjenx:calligraphy:2.2.0] AndroidManifest.xml:11:5-20
REJECTED from [com.android.support.constraint:constraint-layout:1.0.0-beta4] AndroidManifest.xml:9:5-20
REJECTED from [Agent:sKConnectionDetector:unspecified] AndroidManifest.xml:13:5-17:19
REJECTED from [com.android.support:appcompat-v7:25.1.0] AndroidManifest.xml:25:5-20
REJECTED from [com.android.support:animated-vector-drawable:25.1.0] AndroidManifest.xml:22:5-20
REJECTED from [com.android.support:support-vector-drawable:25.1.0] AndroidManifest.xml:23:5-20
REJECTED from [com.android.support:cardview-v7:25.1.0] AndroidManifest.xml:22:5-20
REJECTED from [com.android.support:support-v4:25.1.0] AndroidManifest.xml:25:5-20
REJECTED from [com.android.support:support-fragment:25.1.0] AndroidManifest.xml:25:5-20
REJECTED from [com.android.support:support-media-compat:25.1.0] AndroidManifest.xml:25:5-20
REJECTED from [com.android.support:support-core-ui:25.1.0] AndroidManifest.xml:25:5-20
REJECTED from [com.android.support:support-core-utils:25.1.0] AndroidManifest.xml:25:5-20
REJECTED from [com.android.support:support-compat:25.1.0] AndroidManifest.xml:25:5-20
	tools:node
		ADDED from src/main/AndroidManifest.xml:32:4-24
	android:label
		ADDED from src/main/AndroidManifest.xml:30:4-42
	android:icon
		ADDED from src/main/AndroidManifest.xml:29:4-40
	android:theme
		ADDED from src/main/AndroidManifest.xml:31:4-48
	android:name
		ADDED from src/main/AndroidManifest.xml:28:4-35
activity#com.ignite.mdm.ticketing.agent.callcenter.MainActivity
ADDED from src/main/AndroidManifest.xml:33:3-42:14
	android:screenOrientation
		ADDED from src/main/AndroidManifest.xml:36:5-41
	android:label
		ADDED from src/main/AndroidManifest.xml:35:5-48
	android:name
		ADDED from src/main/AndroidManifest.xml:34:5-33
intent-filter#android.intent.action.MAIN+android.intent.category.LAUNCHER
ADDED from src/main/AndroidManifest.xml:37:4-41:20
action#android.intent.action.MAIN
ADDED from src/main/AndroidManifest.xml:38:5-56
	android:name
		ADDED from src/main/AndroidManifest.xml:38:13-54
category#android.intent.category.LAUNCHER
ADDED from src/main/AndroidManifest.xml:40:5-64
	android:name
		ADDED from src/main/AndroidManifest.xml:40:15-62
activity#com.ignite.mdm.ticketing.agent.callcenter.MenuActivity
ADDED from src/main/AndroidManifest.xml:43:3-45:43
	android:screenOrientation
		ADDED from src/main/AndroidManifest.xml:45:5-41
	android:name
		ADDED from src/main/AndroidManifest.xml:44:5-33
activity#com.ignite.mdm.ticketing.agent.callcenter.MainFragment
ADDED from src/main/AndroidManifest.xml:46:3-48:43
	android:screenOrientation
		ADDED from src/main/AndroidManifest.xml:48:5-41
	android:name
		ADDED from src/main/AndroidManifest.xml:47:5-33
activity#com.ignite.mdm.ticketing.agent.callcenter.MovieDateAndCinemaActivity
ADDED from src/main/AndroidManifest.xml:49:3-51:43
	android:screenOrientation
		ADDED from src/main/AndroidManifest.xml:51:5-41
	android:name
		ADDED from src/main/AndroidManifest.xml:50:5-47
activity#com.ignite.mdm.ticketing.agent.callcenter.MovieTimeActivity
ADDED from src/main/AndroidManifest.xml:52:3-54:43
	android:screenOrientation
		ADDED from src/main/AndroidManifest.xml:54:5-41
	android:name
		ADDED from src/main/AndroidManifest.xml:53:5-38
activity#com.ignite.mdm.ticketing.agent.callcenter.SelectingSeatActivity
ADDED from src/main/AndroidManifest.xml:55:3-57:43
	android:screenOrientation
		ADDED from src/main/AndroidManifest.xml:57:5-41
	android:name
		ADDED from src/main/AndroidManifest.xml:56:5-42
activity#com.ignite.mdm.ticketing.agent.callcenter.Movie_Info_Activity
ADDED from src/main/AndroidManifest.xml:58:3-60:43
	android:screenOrientation
		ADDED from src/main/AndroidManifest.xml:60:5-41
	android:name
		ADDED from src/main/AndroidManifest.xml:59:5-40
activity#com.ignite.mdm.ticketing.agent.callcenter.PDFMovieActivity
ADDED from src/main/AndroidManifest.xml:61:3-63:43
	android:screenOrientation
		ADDED from src/main/AndroidManifest.xml:63:5-41
	android:name
		ADDED from src/main/AndroidManifest.xml:62:5-37
activity#com.ignite.mdm.ticketing.agent.callcenter.BusConfirmActivity
ADDED from src/main/AndroidManifest.xml:64:3-67:62
	android:screenOrientation
		ADDED from src/main/AndroidManifest.xml:66:5-41
	android:theme
		ADDED from src/main/AndroidManifest.xml:67:5-60
	android:name
		ADDED from src/main/AndroidManifest.xml:65:5-39
activity#com.ignite.mdm.ticketing.agent.callcenter.UserLoginActivity
ADDED from src/main/AndroidManifest.xml:68:3-71:61
	android:screenOrientation
		ADDED from src/main/AndroidManifest.xml:70:5-41
	android:theme
		ADDED from src/main/AndroidManifest.xml:71:5-59
	android:name
		ADDED from src/main/AndroidManifest.xml:69:5-38
activity#com.ignite.mdm.ticketing.agent.callcenter.UserRegister
ADDED from src/main/AndroidManifest.xml:72:3-74:43
	android:screenOrientation
		ADDED from src/main/AndroidManifest.xml:74:5-41
	android:name
		ADDED from src/main/AndroidManifest.xml:73:5-33
activity#com.ignite.mdm.ticketing.agent.callcenter.SelectDateActivity
ADDED from src/main/AndroidManifest.xml:75:3-77:43
	android:screenOrientation
		ADDED from src/main/AndroidManifest.xml:77:5-41
	android:name
		ADDED from src/main/AndroidManifest.xml:76:5-39
activity#com.ignite.mdm.ticketing.agent.callcenter.TravelAgentsActivity
ADDED from src/main/AndroidManifest.xml:78:3-80:43
	android:screenOrientation
		ADDED from src/main/AndroidManifest.xml:80:5-41
	android:name
		ADDED from src/main/AndroidManifest.xml:79:5-41
activity#com.ignite.mdm.ticketing.agent.callcenter.DeperatureTimeActivity
ADDED from src/main/AndroidManifest.xml:81:3-83:43
	android:screenOrientation
		ADDED from src/main/AndroidManifest.xml:83:5-41
	android:name
		ADDED from src/main/AndroidManifest.xml:82:5-43
activity#com.ignite.mdm.ticketing.agent.callcenter.BusSelectSeatActivity
ADDED from src/main/AndroidManifest.xml:84:3-86:43
	android:screenOrientation
		ADDED from src/main/AndroidManifest.xml:86:5-41
	android:name
		ADDED from src/main/AndroidManifest.xml:85:5-42
activity#com.ignite.mdm.ticketing.agent.callcenter.Bus_Info_Activity
ADDED from src/main/AndroidManifest.xml:87:3-89:43
	android:screenOrientation
		ADDED from src/main/AndroidManifest.xml:89:5-41
	android:name
		ADDED from src/main/AndroidManifest.xml:88:5-38
activity#com.ignite.mdm.ticketing.agent.callcenter.PDFBusActivity
ADDED from src/main/AndroidManifest.xml:90:3-102:14
	android:screenOrientation
		ADDED from src/main/AndroidManifest.xml:92:5-41
	android:name
		ADDED from src/main/AndroidManifest.xml:91:5-35
intent-filter#android.intent.action.SEND+android.intent.category.DEFAULT
ADDED from src/main/AndroidManifest.xml:95:4-101:20
action#android.intent.action.SEND
ADDED from src/main/AndroidManifest.xml:96:5-56
	android:name
		ADDED from src/main/AndroidManifest.xml:96:13-54
category#android.intent.category.DEFAULT
ADDED from src/main/AndroidManifest.xml:98:5-63
	android:name
		ADDED from src/main/AndroidManifest.xml:98:15-61
data
ADDED from src/main/AndroidManifest.xml:100:5-42
	android:mimeType
		ADDED from src/main/AndroidManifest.xml:100:11-40
activity#com.ignite.mdm.ticketing.agent.callcenter.TicketPriceActivity
ADDED from src/main/AndroidManifest.xml:103:3-105:43
	android:screenOrientation
		ADDED from src/main/AndroidManifest.xml:105:5-41
	android:name
		ADDED from src/main/AndroidManifest.xml:104:5-40
activity#com.ignite.mdm.ticketing.agent.callcenter.ShowInfoActivity
ADDED from src/main/AndroidManifest.xml:106:3-108:43
	android:screenOrientation
		ADDED from src/main/AndroidManifest.xml:108:5-41
	android:name
		ADDED from src/main/AndroidManifest.xml:107:5-37
activity#com.ignite.mdm.ticketing.agent.callcenter.ShowInvoice
ADDED from src/main/AndroidManifest.xml:109:3-111:43
	android:screenOrientation
		ADDED from src/main/AndroidManifest.xml:111:5-41
	android:name
		ADDED from src/main/AndroidManifest.xml:110:5-32
activity#com.ignite.mdm.ticketing.agent.callcenter.PDFTicketActivity
ADDED from src/main/AndroidManifest.xml:112:3-114:44
	android:screenOrientation
		ADDED from src/main/AndroidManifest.xml:114:5-42
	android:name
		ADDED from src/main/AndroidManifest.xml:113:5-38
activity#com.ignite.mdm.ticketing.agent.callcenter.OtherListActivity
ADDED from src/main/AndroidManifest.xml:115:3-117:43
	android:screenOrientation
		ADDED from src/main/AndroidManifest.xml:117:5-41
	android:name
		ADDED from src/main/AndroidManifest.xml:116:5-38
activity#com.ignite.mdm.ticketing.agent.callcenter.BusTimeActivity
ADDED from src/main/AndroidManifest.xml:118:3-120:43
	android:screenOrientation
		ADDED from src/main/AndroidManifest.xml:120:5-41
	android:name
		ADDED from src/main/AndroidManifest.xml:119:5-36
activity#com.ignite.mdm.ticketing.agent.callcenter.BusTripsCityActivity
ADDED from src/main/AndroidManifest.xml:121:3-123:43
	android:screenOrientation
		ADDED from src/main/AndroidManifest.xml:123:5-41
	android:name
		ADDED from src/main/AndroidManifest.xml:122:5-41
activity#com.ignite.mdm.ticketing.agent.callcenter.BusMenuActivity
ADDED from src/main/AndroidManifest.xml:124:3-126:43
	android:screenOrientation
		ADDED from src/main/AndroidManifest.xml:126:5-41
	android:name
		ADDED from src/main/AndroidManifest.xml:125:5-36
activity#com.ignite.mdm.ticketing.agent.callcenter.BusBookingListActivity
ADDED from src/main/AndroidManifest.xml:127:3-129:43
	android:screenOrientation
		ADDED from src/main/AndroidManifest.xml:129:5-41
	android:name
		ADDED from src/main/AndroidManifest.xml:128:5-43
activity#com.ignite.mdm.ticketing.agent.callcenter.BusBookingConfirmDeleteActivity
ADDED from src/main/AndroidManifest.xml:130:3-132:43
	android:screenOrientation
		ADDED from src/main/AndroidManifest.xml:132:5-41
	android:name
		ADDED from src/main/AndroidManifest.xml:131:5-52
activity#com.ignite.mdm.ticketing.agent.callcenter.BusBookingDetailActivity
ADDED from src/main/AndroidManifest.xml:133:3-135:43
	android:screenOrientation
		ADDED from src/main/AndroidManifest.xml:135:5-41
	android:name
		ADDED from src/main/AndroidManifest.xml:134:5-45
activity#com.ignite.mdm.ticketing.agent.callcenter.BusOperatorActivity
ADDED from src/main/AndroidManifest.xml:136:3-138:43
	android:screenOrientation
		ADDED from src/main/AndroidManifest.xml:138:5-41
	android:name
		ADDED from src/main/AndroidManifest.xml:137:5-40
activity#com.ignite.mdm.ticketing.agent.callcenter.CheckBluetoothConnect
ADDED from src/main/AndroidManifest.xml:139:3-141:43
	android:screenOrientation
		ADDED from src/main/AndroidManifest.xml:141:5-41
	android:name
		ADDED from src/main/AndroidManifest.xml:140:5-42
activity#com.ignite.mdm.ticketing.agent.callcenter.HomeActivity
ADDED from src/main/AndroidManifest.xml:142:3-144:43
	android:screenOrientation
		ADDED from src/main/AndroidManifest.xml:144:5-41
	android:name
		ADDED from src/main/AndroidManifest.xml:143:5-33
activity#com.ignite.mdm.ticketing.agent.callcenter.NewSalesActivity
ADDED from src/main/AndroidManifest.xml:145:3-147:43
	android:screenOrientation
		ADDED from src/main/AndroidManifest.xml:147:5-41
	android:name
		ADDED from src/main/AndroidManifest.xml:146:5-37
activity#com.ignite.mdm.ticketing.agent.callcenter.OutstandingActivity
ADDED from src/main/AndroidManifest.xml:148:3-150:43
	android:screenOrientation
		ADDED from src/main/AndroidManifest.xml:150:5-41
	android:name
		ADDED from src/main/AndroidManifest.xml:149:5-40
activity#com.ignite.mdm.ticketing.agent.callcenter.SaleTicketActivity
ADDED from src/main/AndroidManifest.xml:151:3-154:43
	android:screenOrientation
		ADDED from src/main/AndroidManifest.xml:154:5-41
	android:label
		ADDED from src/main/AndroidManifest.xml:153:5-49
	android:name
		ADDED from src/main/AndroidManifest.xml:152:5-39
activity#com.ignite.mdm.ticketing.agent.callcenter.BusOperatorSeatsActivity
ADDED from src/main/AndroidManifest.xml:155:3-157:43
	android:screenOrientation
		ADDED from src/main/AndroidManifest.xml:157:5-41
	android:name
		ADDED from src/main/AndroidManifest.xml:156:5-45
activity#com.ignite.mdm.ticketing.agent.callcenter.SaleByTripDateActivity
ADDED from src/main/AndroidManifest.xml:158:3-161:43
	android:screenOrientation
		ADDED from src/main/AndroidManifest.xml:161:5-41
	android:label
		ADDED from src/main/AndroidManifest.xml:160:5-42
	android:name
		ADDED from src/main/AndroidManifest.xml:159:5-43
activity#com.ignite.mdm.ticketing.agent.callcenter.DeliveryActivity
ADDED from src/main/AndroidManifest.xml:162:3-166:14
	android:screenOrientation
		ADDED from src/main/AndroidManifest.xml:165:5-41
	android:label
		ADDED from src/main/AndroidManifest.xml:164:5-43
	android:name
		ADDED from src/main/AndroidManifest.xml:163:5-37
activity#com.ignite.mdm.ticketing.agent.callcenter.AgentSeatsBookingActivity
ADDED from src/main/AndroidManifest.xml:167:3-169:43
	android:screenOrientation
		ADDED from src/main/AndroidManifest.xml:169:5-41
	android:name
		ADDED from src/main/AndroidManifest.xml:168:5-46
activity#com.ignite.mdm.ticketing.agent.callcenter.HomeNewActivity
ADDED from src/main/AndroidManifest.xml:170:3-173:42
	android:screenOrientation
		ADDED from src/main/AndroidManifest.xml:172:5-41
	android:theme
		ADDED from src/main/AndroidManifest.xml:173:5-40
	android:name
		ADDED from src/main/AndroidManifest.xml:171:5-36
activity#com.ignite.mdm.ticketing.agent.callcenter.TourPackageActivity
ADDED from src/main/AndroidManifest.xml:174:3-177:43
	android:screenOrientation
		ADDED from src/main/AndroidManifest.xml:177:5-41
	android:label
		ADDED from src/main/AndroidManifest.xml:176:5-52
	android:name
		ADDED from src/main/AndroidManifest.xml:175:5-40
activity#com.ignite.mdm.ticketing.agent.callcenter.TourCompanyActivity
ADDED from src/main/AndroidManifest.xml:178:3-181:43
	android:screenOrientation
		ADDED from src/main/AndroidManifest.xml:181:5-41
	android:label
		ADDED from src/main/AndroidManifest.xml:180:5-46
	android:name
		ADDED from src/main/AndroidManifest.xml:179:5-40
activity#com.ignite.mdm.ticketing.agent.callcenter.TourDetailActivity
ADDED from src/main/AndroidManifest.xml:182:3-185:43
	android:screenOrientation
		ADDED from src/main/AndroidManifest.xml:185:5-41
	android:label
		ADDED from src/main/AndroidManifest.xml:184:5-51
	android:name
		ADDED from src/main/AndroidManifest.xml:183:5-39
activity#com.ignite.mdm.ticketing.agent.callcenter.CustomerInfoActivity
ADDED from src/main/AndroidManifest.xml:186:3-189:43
	android:screenOrientation
		ADDED from src/main/AndroidManifest.xml:189:5-41
	android:label
		ADDED from src/main/AndroidManifest.xml:188:5-48
	android:name
		ADDED from src/main/AndroidManifest.xml:187:5-41
activity#com.ignite.mdm.ticketing.agent.callcenter.RegisterActivity
ADDED from src/main/AndroidManifest.xml:190:3-193:43
	android:screenOrientation
		ADDED from src/main/AndroidManifest.xml:193:5-41
	android:label
		ADDED from src/main/AndroidManifest.xml:192:5-43
	android:name
		ADDED from src/main/AndroidManifest.xml:191:5-37
activity#com.ignite.mdm.ticketing.agent.callcenter.AgentDepositActivity
ADDED from src/main/AndroidManifest.xml:194:3-197:43
	android:screenOrientation
		ADDED from src/main/AndroidManifest.xml:197:5-41
	android:label
		ADDED from src/main/AndroidManifest.xml:196:5-48
	android:name
		ADDED from src/main/AndroidManifest.xml:195:5-41
activity#com.ignite.mdm.ticketing.agent.callcenter.TourConfirmActivity
ADDED from src/main/AndroidManifest.xml:198:3-201:43
	android:screenOrientation
		ADDED from src/main/AndroidManifest.xml:201:5-41
	android:label
		ADDED from src/main/AndroidManifest.xml:200:5-48
	android:name
		ADDED from src/main/AndroidManifest.xml:199:5-40
activity#com.ignite.mdm.ticketing.agent.callcenter.SettingActivity
ADDED from src/main/AndroidManifest.xml:202:3-205:43
	android:screenOrientation
		ADDED from src/main/AndroidManifest.xml:205:5-41
	android:label
		ADDED from src/main/AndroidManifest.xml:204:5-50
	android:name
		ADDED from src/main/AndroidManifest.xml:203:5-36
activity#com.ignite.mdm.ticketing.agent.callcenter.AgentDepositFillActivity
ADDED from src/main/AndroidManifest.xml:206:3-208:43
	android:screenOrientation
		ADDED from src/main/AndroidManifest.xml:208:5-41
	android:name
		ADDED from src/main/AndroidManifest.xml:207:5-45
activity#com.ignite.mdm.ticketing.agent.callcenter.CbOddPaymentActivity
ADDED from src/main/AndroidManifest.xml:209:3-211:43
	android:screenOrientation
		ADDED from src/main/AndroidManifest.xml:211:5-41
	android:name
		ADDED from src/main/AndroidManifest.xml:210:5-41
activity#com.ignite.mdm.ticketing.agent.callcenter.InvoiceActivity
ADDED from src/main/AndroidManifest.xml:212:3-220:14
	android:screenOrientation
		ADDED from src/main/AndroidManifest.xml:214:5-41
	android:parentActivityName
		ADDED from src/main/AndroidManifest.xml:216:5-50
	android:theme
		ADDED from src/main/AndroidManifest.xml:215:5-43
	android:name
		ADDED from src/main/AndroidManifest.xml:213:5-36
meta-data#android.support.PARENT_ACTIVITY
ADDED from src/main/AndroidManifest.xml:217:4-219:40
	android:value
		ADDED from src/main/AndroidManifest.xml:219:6-38
	android:name
		ADDED from src/main/AndroidManifest.xml:218:6-52
activity#com.ignite.mdm.ticketing.agent.callcenter.InvoiceDetailActivty
ADDED from src/main/AndroidManifest.xml:221:3-229:14
	android:screenOrientation
		ADDED from src/main/AndroidManifest.xml:223:5-41
	android:parentActivityName
		ADDED from src/main/AndroidManifest.xml:225:5-50
	android:theme
		ADDED from src/main/AndroidManifest.xml:224:5-43
	android:name
		ADDED from src/main/AndroidManifest.xml:222:5-41
activity#com.ignite.mdm.ticketing.agent.callcenter.ChangePasswordActivity
ADDED from src/main/AndroidManifest.xml:231:3-238:14
	android:screenOrientation
		ADDED from src/main/AndroidManifest.xml:233:5-41
	android:theme
		ADDED from src/main/AndroidManifest.xml:234:5-40
	android:name
		ADDED from src/main/AndroidManifest.xml:232:5-43
service#com.ignite.mdm.ticketing.agent.callcenter.NotiServiceActivity
ADDED from src/main/AndroidManifest.xml:241:3-49
	android:name
		ADDED from src/main/AndroidManifest.xml:241:12-47
receiver#com.ignite.mdm.ticketing.agent.callcenter.MyPhoneReceiver
ADDED from src/main/AndroidManifest.xml:243:3-250:14
	android:enabled
		ADDED from src/main/AndroidManifest.xml:245:5-27
	android:exported
		ADDED from src/main/AndroidManifest.xml:246:5-28
	android:name
		ADDED from src/main/AndroidManifest.xml:244:5-36
intent-filter#android.intent.action.BOOT_COMPLETED
ADDED from src/main/AndroidManifest.xml:247:4-249:20
action#android.intent.action.BOOT_COMPLETED
ADDED from src/main/AndroidManifest.xml:248:5-66
	android:name
		ADDED from src/main/AndroidManifest.xml:248:13-64